<?xml version="1.0" encoding="UTF-8"?>
<testng-results ignored="0" total="1" passed="1" failed="0" skipped="0">
  <reporter-output>
  </reporter-output>
  <suite started-at="2024-06-26T22:13:34 IST" name="Default suite" finished-at="2024-06-26T22:13:34 IST" duration-ms="259">
    <groups>
    </groups>
    <test started-at="2024-06-26T22:13:34 IST" name="Default test" finished-at="2024-06-26T22:13:34 IST" duration-ms="259">
      <class name="com.MyTests.D02DemoTestNGClass">
        <test-method is-config="true" signature="beforeTest()[pri:0, instance:com.MyTests.D02DemoTestNGClass@303cf2ba]" started-at="2024-06-26T22:13:34 IST" name="beforeTest" finished-at="2024-06-26T22:13:34 IST" duration-ms="63" status="PASS">
          <reporter-output>
          </reporter-output>
        </test-method> <!-- beforeTest -->
        <test-method is-config="true" signature="beforeMethod()[pri:0, instance:com.MyTests.D02DemoTestNGClass@303cf2ba]" started-at="2024-06-26T22:13:34 IST" name="beforeMethod" finished-at="2024-06-26T22:13:34 IST" duration-ms="4" status="PASS">
          <reporter-output>
          </reporter-output>
        </test-method> <!-- beforeMethod -->
        <test-method signature="f()[pri:0, instance:com.MyTests.D02DemoTestNGClass@303cf2ba]" started-at="2024-06-26T22:13:34 IST" name="f" finished-at="2024-06-26T22:13:34 IST" duration-ms="18" status="PASS">
          <reporter-output>
          </reporter-output>
        </test-method> <!-- f -->
        <test-method is-config="true" signature="afterMethod()[pri:0, instance:com.MyTests.D02DemoTestNGClass@303cf2ba]" started-at="2024-06-26T22:13:34 IST" name="afterMethod" finished-at="2024-06-26T22:13:34 IST" duration-ms="3" status="PASS">
          <reporter-output>
          </reporter-output>
        </test-method> <!-- afterMethod -->
        <test-method is-config="true" signature="afterTest()[pri:0, instance:com.MyTests.D02DemoTestNGClass@303cf2ba]" started-at="2024-06-26T22:13:34 IST" name="afterTest" finished-at="2024-06-26T22:13:34 IST" duration-ms="1" status="PASS">
          <reporter-output>
          </reporter-output>
        </test-method> <!-- afterTest -->
      </class> <!-- com.MyTests.D02DemoTestNGClass -->
    </test> <!-- Default test -->
  </suite> <!-- Default suite -->
</testng-results>
