<?xml version="1.0" encoding="UTF-8"?>
<testng-results ignored="0" total="1" passed="1" failed="0" skipped="0">
  <reporter-output>
  </reporter-output>
  <suite started-at="2024-06-21T21:47:32 IST" name="Default suite" finished-at="2024-06-21T21:47:43 IST" duration-ms="11875">
    <groups>
    </groups>
    <test started-at="2024-06-21T21:47:32 IST" name="Default test" finished-at="2024-06-21T21:47:43 IST" duration-ms="11875">
      <class name="com.TestNGDemos.D11OHRM_Login_Client">
        <test-method is-config="true" signature="beforeTest()[pri:0, instance:com.TestNGDemos.D11OHRM_Login_Client@4722ef0c]" started-at="2024-06-21T21:47:32 IST" name="beforeTest" finished-at="2024-06-21T21:47:39 IST" duration-ms="6901" status="PASS">
          <reporter-output>
          </reporter-output>
        </test-method> <!-- beforeTest -->
        <test-method signature="f()[pri:0, instance:com.TestNGDemos.D11OHRM_Login_Client@4722ef0c]" started-at="2024-06-21T21:47:39 IST" name="f" finished-at="2024-06-21T21:47:43 IST" duration-ms="4272" status="PASS">
          <reporter-output>
          </reporter-output>
        </test-method> <!-- f -->
        <test-method is-config="true" signature="afterTest()[pri:0, instance:com.TestNGDemos.D11OHRM_Login_Client@4722ef0c]" started-at="2024-06-21T21:47:43 IST" name="afterTest" finished-at="2024-06-21T21:47:43 IST" duration-ms="568" status="PASS">
          <reporter-output>
          </reporter-output>
        </test-method> <!-- afterTest -->
      </class> <!-- com.TestNGDemos.D11OHRM_Login_Client -->
    </test> <!-- Default test -->
  </suite> <!-- Default suite -->
</testng-results>
