<?xml version="1.0" encoding="UTF-8"?>
<testng-results ignored="0" total="3" passed="3" failed="0" skipped="0">
  <reporter-output>
  </reporter-output>
  <suite started-at="2024-06-19T22:07:47 IST" name="Default suite" finished-at="2024-06-19T22:08:01 IST" duration-ms="14598">
    <groups>
    </groups>
    <test started-at="2024-06-19T22:07:47 IST" name="Default test" finished-at="2024-06-19T22:08:01 IST" duration-ms="14598">
      <class name="com.Assignments.A09OHRM_LoginLogout">
        <test-method is-config="true" signature="beforeTest()[pri:0, instance:com.Assignments.A09OHRM_LoginLogout@194fad1]" started-at="2024-06-19T22:07:47 IST" name="beforeTest" finished-at="2024-06-19T22:07:51 IST" duration-ms="4109" status="PASS">
          <reporter-output>
          </reporter-output>
        </test-method> <!-- beforeTest -->
        <test-method signature="login1()[pri:0, instance:com.Assignments.A09OHRM_LoginLogout@194fad1]" started-at="2024-06-19T22:07:51 IST" name="login1" finished-at="2024-06-19T22:07:54 IST" duration-ms="3427" status="PASS">
          <reporter-output>
          </reporter-output>
        </test-method> <!-- login1 -->
        <test-method is-config="true" signature="afterMethod()[pri:0, instance:com.Assignments.A09OHRM_LoginLogout@194fad1]" started-at="2024-06-19T22:07:54 IST" name="afterMethod" finished-at="2024-06-19T22:07:58 IST" duration-ms="3275" status="PASS">
          <reporter-output>
          </reporter-output>
        </test-method> <!-- afterMethod -->
        <test-method signature="login2()[pri:0, instance:com.Assignments.A09OHRM_LoginLogout@194fad1]" started-at="2024-06-19T22:07:58 IST" name="login2" finished-at="2024-06-19T22:07:59 IST" duration-ms="1337" status="PASS">
          <reporter-output>
          </reporter-output>
        </test-method> <!-- login2 -->
        <test-method is-config="true" signature="afterMethod()[pri:0, instance:com.Assignments.A09OHRM_LoginLogout@194fad1]" started-at="2024-06-19T22:07:59 IST" name="afterMethod" finished-at="2024-06-19T22:08:00 IST" duration-ms="412" status="PASS">
          <reporter-output>
          </reporter-output>
        </test-method> <!-- afterMethod -->
        <test-method signature="login3()[pri:0, instance:com.Assignments.A09OHRM_LoginLogout@194fad1]" started-at="2024-06-19T22:08:00 IST" name="login3" finished-at="2024-06-19T22:08:00 IST" duration-ms="962" status="PASS">
          <reporter-output>
          </reporter-output>
        </test-method> <!-- login3 -->
        <test-method is-config="true" signature="afterMethod()[pri:0, instance:com.Assignments.A09OHRM_LoginLogout@194fad1]" started-at="2024-06-19T22:08:00 IST" name="afterMethod" finished-at="2024-06-19T22:08:01 IST" duration-ms="391" status="PASS">
          <reporter-output>
          </reporter-output>
        </test-method> <!-- afterMethod -->
        <test-method is-config="true" signature="afterTest()[pri:0, instance:com.Assignments.A09OHRM_LoginLogout@194fad1]" started-at="2024-06-19T22:08:01 IST" name="afterTest" finished-at="2024-06-19T22:08:01 IST" duration-ms="462" status="PASS">
          <reporter-output>
          </reporter-output>
        </test-method> <!-- afterTest -->
      </class> <!-- com.Assignments.A09OHRM_LoginLogout -->
    </test> <!-- Default test -->
  </suite> <!-- Default suite -->
</testng-results>
