<?xml version="1.0" encoding="UTF-8"?>
<!-- Generated by org.testng.reporters.JUnitXMLReporter -->
<testsuite ignored="0" hostname="DESKTOP-G8O6OG0" failures="0" tests="3" name="Default test" time="14.598" errors="0" timestamp="2024-06-19T22:08:01 IST">
  <testcase classname="com.Assignments.A09OHRM_LoginLogout" name="login1" time="3.427"/>
  <testcase classname="com.Assignments.A09OHRM_LoginLogout" name="login2" time="1.337"/>
  <testcase classname="com.Assignments.A09OHRM_LoginLogout" name="login3" time="0.962"/>
</testsuite> <!-- Default test -->
