<?xml version="1.0" encoding="UTF-8"?>
<!-- Generated by org.testng.reporters.JUnitXMLReporter -->
<testsuite ignored="0" hostname="DESKTOP-G8O6OG0" failures="0" tests="6" name="Default test" time="22.231" errors="0" timestamp="2024-06-26T21:05:43 IST">
  <testcase classname="com.TestNGDemos.D14LoginToOHRM_DDF" name="loginToOHRM" time="2.167"/>
  <testcase classname="com.TestNGDemos.D14LoginToOHRM_DDF" name="loginToOHRM" time="1.273"/>
  <testcase classname="com.TestNGDemos.D14LoginToOHRM_DDF" name="loginToOHRM" time="0.906"/>
  <testcase classname="com.TestNGDemos.D14LoginToOHRM_DDF" name="loginToOHRM" time="1.257"/>
  <testcase classname="com.TestNGDemos.D14LoginToOHRM_DDF" name="loginToOHRM" time="1.281"/>
  <testcase classname="com.TestNGDemos.D14LoginToOHRM_DDF" name="loginToOHRM" time="0.919"/>
</testsuite> <!-- Default test -->
