<?xml version="1.0" encoding="UTF-8"?>
<!-- Generated by org.testng.reporters.JUnitXMLReporter -->
<testsuite ignored="2" hostname="DESKTOP-G8O6OG0" failures="0" tests="2" name="My Test" time="14.036" errors="0" timestamp="2024-06-20T22:06:10 IST">
  <testcase classname="com.TestNGDemos.D05AmazonAssignment" name="clickOnSell" time="2.149"/>
  <testcase classname="com.TestNGDemos.D05AmazonAssignment" name="clickOnBestSeller" time="3.569"/>
  <testcase classname="com.TestNGDemos.D05AmazonAssignment" name="clickOnElectronics" time="0.0">
    <ignored/>
  </testcase> <!-- clickOnElectronics -->
  <testcase classname="com.TestNGDemos.D05AmazonAssignment" name="clickOnMobile" time="0.0">
    <ignored/>
  </testcase> <!-- clickOnMobile -->
</testsuite> <!-- My Test -->
