<?xml version="1.0" encoding="UTF-8"?>
<!-- Generated by org.testng.reporters.JUnitXMLReporter -->
<testsuite ignored="2" hostname="DESKTOP-G8O6OG0" failures="0" tests="2" name="My Test" time="22.4" errors="0" timestamp="2024-06-20T21:40:43 IST">
  <testcase classname="com.TestNGDemos.D05AmazonAssignment" name="clickOnBestSeller" time="2.863"/>
  <testcase classname="com.TestNGDemos.D05AmazonAssignment" name="clickOnElectronics" time="11.416"/>
  <testcase classname="com.TestNGDemos.D05AmazonAssignment" name="clickOnMobile" time="0.0">
    <ignored/>
  </testcase> <!-- clickOnMobile -->
  <testcase classname="com.TestNGDemos.D05AmazonAssignment" name="clickOnSell" time="0.0">
    <ignored/>
  </testcase> <!-- clickOnSell -->
</testsuite> <!-- My Test -->
